#-----------------------------------------------------------
# Webtalk v2015.3 (64-bit)
# SW Build 1368829 on Mon Sep 28 20:06:43 MDT 2015
# 
# Start of session at: Sat Apr 09 19:42:32 2016
# Process ID: 10804
# Current directory: D:/532/G9_InteractiveStudio/src/proj/hdmi.sdk/webtalk
# Command line: wbtcv.exe -mode batch -source sdk_webtalk.tcl
# Log file: D:/532/G9_InteractiveStudio/src/proj/hdmi.sdk/webtalk/webtalk.log
# Journal file: D:/532/G9_InteractiveStudio/src/proj/hdmi.sdk/webtalk\webtalk.jou
#-----------------------------------------------------------
source sdk_webtalk.tcl
# webtalk_init -webtalk_dir D:\\532\\G9_InteractiveStudio\\src\\proj\\hdmi.sdk\\webtalk
# webtalk_register_client -client project
# webtalk_add_data -client project -key date_generated -value "Sat Apr 9 19:42:30 2016" -context "software_version_and_target_device"
# webtalk_add_data -client project -key product_version -value "SDK v2015.3" -context "software_version_and_target_device"
# webtalk_add_data -client project -key build_version -value "2015.3" -context "software_version_and_target_device"
# webtalk_add_data -client project -key os_platform -value "amd64" -context "software_version_and_target_device"
# webtalk_add_data -client project -key registration_id -value "" -context "software_version_and_target_device"
# webtalk_add_data -client project -key tool_flow -value "SDK" -context "software_version_and_target_device"
# webtalk_add_data -client project -key beta -value "false" -context "software_version_and_target_device"
# webtalk_add_data -client project -key route_design -value "NA" -context "software_version_and_target_device"
# webtalk_add_data -client project -key target_family -value "NA" -context "software_version_and_target_device"
# webtalk_add_data -client project -key target_device -value "NA" -context "software_version_and_target_device"
# webtalk_add_data -client project -key target_package -value "NA" -context "software_version_and_target_device"
# webtalk_add_data -client project -key target_speed -value "NA" -context "software_version_and_target_device"
# webtalk_add_data -client project -key random_id -value "f6om8qth6i5454atj8vuapro3l" -context "software_version_and_target_device"
# webtalk_add_data -client project -key project_id -value "2015.3_8" -context "software_version_and_target_device"
# webtalk_add_data -client project -key project_iteration -value "8" -context "software_version_and_target_device"
# webtalk_add_data -client project -key os_name -value "" -context "user_environment"
# webtalk_add_data -client project -key os_release -value "" -context "user_environment"
# webtalk_add_data -client project -key cpu_name -value "" -context "user_environment"
# webtalk_add_data -client project -key cpu_speed -value "" -context "user_environment"
# webtalk_add_data -client project -key total_processors -value "" -context "user_environment"
# webtalk_add_data -client project -key system_ram -value "" -context "user_environment"
# webtalk_register_client -client sdk
# webtalk_add_data -client sdk -key uid -value "1460245275704" -context "sdk\\\\hardware/1460245275704"
# webtalk_add_data -client sdk -key isZynq -value "false" -context "sdk\\\\hardware/1460245275704"
# webtalk_add_data -client sdk -key Processors -value "1" -context "sdk\\\\hardware/1460245275704"
# webtalk_add_data -client sdk -key VivadoVersion -value "2015.3" -context "sdk\\\\hardware/1460245275704"
# webtalk_add_data -client sdk -key Arch -value "artix7" -context "sdk\\\\hardware/1460245275704"
# webtalk_add_data -client sdk -key Device -value "7a200t" -context "sdk\\\\hardware/1460245275704"
# webtalk_add_data -client sdk -key IsHandoff -value "true" -context "sdk\\\\hardware/1460245275704"
# webtalk_transmit -clientid 359012855 -regid "" -xml D:\\532\\G9_InteractiveStudio\\src\\proj\\hdmi.sdk\\webtalk\\usage_statistics_ext_sdk.xml -html D:\\532\\G9_InteractiveStudio\\src\\proj\\hdmi.sdk\\webtalk\\usage_statistics_ext_sdk.html -wdm D:\\532\\G9_InteractiveStudio\\src\\proj\\hdmi.sdk\\webtalk\\sdk_webtalk.wdm -intro "<H3>SDK Usage Report</H3><BR>"
# webtalk_terminate
INFO: [Common 17-206] Exiting Webtalk at Sat Apr 09 19:42:36 2016...
