#-----------------------------------------------------------
# Webtalk v2016.2 (64-bit)
# SW Build 1577090 on Thu Jun  2 16:32:40 MDT 2016
# 
# Start of session at: Wed Mar 29 22:02:15 2017
# Process ID: 5436
# Current directory: L:/532/G9_AES/G9_AES/G9_AES/G9_InteractiveStudio-master/src/proj/hdmi.sdk/webtalk
# Command line: wbtcv.exe -mode batch -source sdk_webtalk.tcl
# Log file: L:/532/G9_AES/G9_AES/G9_AES/G9_InteractiveStudio-master/src/proj/hdmi.sdk/webtalk/webtalk.log
# Journal file: L:/532/G9_AES/G9_AES/G9_AES/G9_InteractiveStudio-master/src/proj/hdmi.sdk/webtalk\webtalk.jou
#-----------------------------------------------------------
source sdk_webtalk.tcl
# webtalk_init -webtalk_dir L:\\532\\G9_AES\\G9_AES\\G9_AES\\G9_InteractiveStudio-master\\src\\proj\\hdmi.sdk\\webtalk
# webtalk_register_client -client project
# webtalk_add_data -client project -key date_generated -value "Wed Mar 29 22:02:14 2017" -context "software_version_and_target_device"
# webtalk_add_data -client project -key product_version -value "SDK v2016.2" -context "software_version_and_target_device"
# webtalk_add_data -client project -key build_version -value "2016.2" -context "software_version_and_target_device"
# webtalk_add_data -client project -key os_platform -value "amd64" -context "software_version_and_target_device"
# webtalk_add_data -client project -key registration_id -value "" -context "software_version_and_target_device"
# webtalk_add_data -client project -key tool_flow -value "SDK" -context "software_version_and_target_device"
# webtalk_add_data -client project -key beta -value "false" -context "software_version_and_target_device"
# webtalk_add_data -client project -key route_design -value "NA" -context "software_version_and_target_device"
# webtalk_add_data -client project -key target_family -value "NA" -context "software_version_and_target_device"
# webtalk_add_data -client project -key target_device -value "NA" -context "software_version_and_target_device"
# webtalk_add_data -client project -key target_package -value "NA" -context "software_version_and_target_device"
# webtalk_add_data -client project -key target_speed -value "NA" -context "software_version_and_target_device"
# webtalk_add_data -client project -key random_id -value "7334dkl5dfo89u8f87olg38p3r" -context "software_version_and_target_device"
# webtalk_add_data -client project -key project_id -value "2016.2_8" -context "software_version_and_target_device"
# webtalk_add_data -client project -key project_iteration -value "8" -context "software_version_and_target_device"
# webtalk_add_data -client project -key os_name -value "" -context "user_environment"
# webtalk_add_data -client project -key os_release -value "" -context "user_environment"
# webtalk_add_data -client project -key cpu_name -value "" -context "user_environment"
# webtalk_add_data -client project -key cpu_speed -value "" -context "user_environment"
# webtalk_add_data -client project -key total_processors -value "" -context "user_environment"
# webtalk_add_data -client project -key system_ram -value "" -context "user_environment"
# webtalk_register_client -client sdk
# webtalk_add_data -client sdk -key uid -value "1490838962638" -context "sdk\\\\hardware/1490838962638"
# webtalk_add_data -client sdk -key isZynq -value "false" -context "sdk\\\\hardware/1490838962638"
# webtalk_add_data -client sdk -key Processors -value "1" -context "sdk\\\\hardware/1490838962638"
# webtalk_add_data -client sdk -key VivadoVersion -value "2016.2" -context "sdk\\\\hardware/1490838962638"
# webtalk_add_data -client sdk -key Arch -value "artix7" -context "sdk\\\\hardware/1490838962638"
# webtalk_add_data -client sdk -key Device -value "7a200t" -context "sdk\\\\hardware/1490838962638"
# webtalk_add_data -client sdk -key IsHandoff -value "true" -context "sdk\\\\hardware/1490838962638"
# webtalk_transmit -clientid 1904365605 -regid "" -xml L:\\532\\G9_AES\\G9_AES\\G9_AES\\G9_InteractiveStudio-master\\src\\proj\\hdmi.sdk\\webtalk\\usage_statistics_ext_sdk.xml -html L:\\532\\G9_AES\\G9_AES\\G9_AES\\G9_InteractiveStudio-master\\src\\proj\\hdmi.sdk\\webtalk\\usage_statistics_ext_sdk.html -wdm L:\\532\\G9_AES\\G9_AES\\G9_AES\\G9_InteractiveStudio-master\\src\\proj\\hdmi.sdk\\webtalk\\sdk_webtalk.wdm -intro "<H3>SDK Usage Report</H3><BR>"
# webtalk_terminate
INFO: [Common 17-206] Exiting Webtalk at Wed Mar 29 22:02:23 2017...
