#-----------------------------------------------------------
# Webtalk v2016.2 (64-bit)
# SW Build 1577090 on Thu Jun  2 16:32:40 MDT 2016
# 
# Start of session at: Wed Mar 29 14:22:59 2017
# Process ID: 17796
# Current directory: F:/G9_AES/G9_InteractiveStudio-master/src/proj/hdmi.sdk/webtalk
# Command line: wbtcv.exe -mode batch -source sdk_webtalk.tcl
# Log file: F:/G9_AES/G9_InteractiveStudio-master/src/proj/hdmi.sdk/webtalk/webtalk.log
# Journal file: F:/G9_AES/G9_InteractiveStudio-master/src/proj/hdmi.sdk/webtalk\webtalk.jou
#-----------------------------------------------------------
source sdk_webtalk.tcl
# webtalk_init -webtalk_dir F:\\G9_AES\\G9_InteractiveStudio-master\\src\\proj\\hdmi.sdk\\webtalk
# webtalk_register_client -client project
# webtalk_add_data -client project -key date_generated -value "Wed Mar 29 14:22:58 2017" -context "software_version_and_target_device"
# webtalk_add_data -client project -key product_version -value "SDK v2016.2" -context "software_version_and_target_device"
# webtalk_add_data -client project -key build_version -value "2016.2" -context "software_version_and_target_device"
# webtalk_add_data -client project -key os_platform -value "amd64" -context "software_version_and_target_device"
# webtalk_add_data -client project -key registration_id -value "" -context "software_version_and_target_device"
# webtalk_add_data -client project -key tool_flow -value "SDK" -context "software_version_and_target_device"
# webtalk_add_data -client project -key beta -value "false" -context "software_version_and_target_device"
# webtalk_add_data -client project -key route_design -value "NA" -context "software_version_and_target_device"
# webtalk_add_data -client project -key target_family -value "NA" -context "software_version_and_target_device"
# webtalk_add_data -client project -key target_device -value "NA" -context "software_version_and_target_device"
# webtalk_add_data -client project -key target_package -value "NA" -context "software_version_and_target_device"
# webtalk_add_data -client project -key target_speed -value "NA" -context "software_version_and_target_device"
# webtalk_add_data -client project -key random_id -value "ijj23j19o0s69r4776q6dafms1" -context "software_version_and_target_device"
# webtalk_add_data -client project -key project_id -value "2016.2_17" -context "software_version_and_target_device"
# webtalk_add_data -client project -key project_iteration -value "17" -context "software_version_and_target_device"
# webtalk_add_data -client project -key os_name -value "" -context "user_environment"
# webtalk_add_data -client project -key os_release -value "" -context "user_environment"
# webtalk_add_data -client project -key cpu_name -value "" -context "user_environment"
# webtalk_add_data -client project -key cpu_speed -value "" -context "user_environment"
# webtalk_add_data -client project -key total_processors -value "" -context "user_environment"
# webtalk_add_data -client project -key system_ram -value "" -context "user_environment"
# webtalk_register_client -client sdk
# webtalk_add_data -client sdk -key uid -value "1490807612924" -context "sdk\\\\bsp/1490807612924"
# webtalk_add_data -client sdk -key hwid -value "1490807488674" -context "sdk\\\\bsp/1490807612924"
# webtalk_add_data -client sdk -key os -value "standalone" -context "sdk\\\\bsp/1490807612924"
# webtalk_add_data -client sdk -key apptemplate -value "hello_world" -context "sdk\\\\bsp/1490807612924"
# webtalk_add_data -client sdk -key uid -value "1490807623219" -context "sdk\\\\application/1490807623219"
# webtalk_add_data -client sdk -key hwid -value "1490807488674" -context "sdk\\\\application/1490807623219"
# webtalk_add_data -client sdk -key bspid -value "1490807612924" -context "sdk\\\\application/1490807623219"
# webtalk_add_data -client sdk -key newbsp -value "true" -context "sdk\\\\application/1490807623219"
# webtalk_add_data -client sdk -key os -value "standalone" -context "sdk\\\\application/1490807623219"
# webtalk_add_data -client sdk -key apptemplate -value "hello_world" -context "sdk\\\\application/1490807623219"
# webtalk_transmit -clientid 2497518937 -regid "" -xml F:\\G9_AES\\G9_InteractiveStudio-master\\src\\proj\\hdmi.sdk\\webtalk\\usage_statistics_ext_sdk.xml -html F:\\G9_AES\\G9_InteractiveStudio-master\\src\\proj\\hdmi.sdk\\webtalk\\usage_statistics_ext_sdk.html -wdm F:\\G9_AES\\G9_InteractiveStudio-master\\src\\proj\\hdmi.sdk\\webtalk\\sdk_webtalk.wdm -intro "<H3>SDK Usage Report</H3><BR>"
# webtalk_terminate
INFO: [Common 17-206] Exiting Webtalk at Wed Mar 29 14:23:01 2017...
