15:52:49 **** Auto Build of project video_demo_bsp ****
make -k all 
"Running Make include in microblaze_0/libsrc/AXI_to_colorIP_v1_0/src"
make -C microblaze_0/libsrc/AXI_to_colorIP_v1_0/src -s include  "SHELL=CMD" "COMPILER=mb-gcc" "ARCHIVER=mb-ar" "COMPILER_FLAGS= -O2 -c -mcpu=v9.5 -mhard-float -mlittle-endian -mno-xl-soft-div -mno-xl-soft-mul -mxl-barrel-shift -mxl-float-convert -mxl-float-sqrt -mxl-multiply-high -mxl-pattern-compare" "EXTRA_COMPILER_FLAGS=-g"
"Running Make include in microblaze_0/libsrc/axivdma_v6_0/src"
make -C microblaze_0/libsrc/axivdma_v6_0/src -s include  "SHELL=CMD" "COMPILER=mb-gcc" "ARCHIVER=mb-ar" "COMPILER_FLAGS= -O2 -c -mcpu=v9.5 -mhard-float -mlittle-endian -mno-xl-soft-div -mno-xl-soft-mul -mxl-barrel-shift -mxl-float-convert -mxl-float-sqrt -mxl-multiply-high -mxl-pattern-compare" "EXTRA_COMPILER_FLAGS=-g"
"Running Make include in microblaze_0/libsrc/bram_v4_0/src"
make -C microblaze_0/libsrc/bram_v4_0/src -s include  "SHELL=CMD" "COMPILER=mb-gcc" "ARCHIVER=mb-ar" "COMPILER_FLAGS= -O2 -c -mcpu=v9.5 -mhard-float -mlittle-endian -mno-xl-soft-div -mno-xl-soft-mul -mxl-barrel-shift -mxl-float-convert -mxl-float-sqrt -mxl-multiply-high -mxl-pattern-compare" "EXTRA_COMPILER_FLAGS=-g"
"Running Make include in microblaze_0/libsrc/cpu_v2_3/src"
make -C microblaze_0/libsrc/cpu_v2_3/src -s include  "SHELL=CMD" "COMPILER=mb-gcc" "ARCHIVER=mb-ar" "COMPILER_FLAGS= -O2 -c -mcpu=v9.5 -mhard-float -mlittle-endian -mno-xl-soft-div -mno-xl-soft-mul -mxl-barrel-shift -mxl-float-convert -mxl-float-sqrt -mxl-multiply-high -mxl-pattern-compare" "EXTRA_COMPILER_FLAGS=-g"
"Running Make include in microblaze_0/libsrc/gpio_v4_0/src"
make -C microblaze_0/libsrc/gpio_v4_0/src -s include  "SHELL=CMD" "COMPILER=mb-gcc" "ARCHIVER=mb-ar" "COMPILER_FLAGS= -O2 -c -mcpu=v9.5 -mhard-float -mlittle-endian -mno-xl-soft-div -mno-xl-soft-mul -mxl-barrel-shift -mxl-float-convert -mxl-float-sqrt -mxl-multiply-high -mxl-pattern-compare" "EXTRA_COMPILER_FLAGS=-g"
"Running Make include in microblaze_0/libsrc/intc_v3_4/src"
make -C microblaze_0/libsrc/intc_v3_4/src -s include  "SHELL=CMD" "COMPILER=mb-gcc" "ARCHIVER=mb-ar" "COMPILER_FLAGS= -O2 -c -mcpu=v9.5 -mhard-float -mlittle-endian -mno-xl-soft-div -mno-xl-soft-mul -mxl-barrel-shift -mxl-float-convert -mxl-float-sqrt -mxl-multiply-high -mxl-pattern-compare" "EXTRA_COMPILER_FLAGS=-g"
"Running Make include in microblaze_0/libsrc/standalone_v5_2/src"
make -C microblaze_0/libsrc/standalone_v5_2/src -s include  "SHELL=CMD" "COMPILER=mb-gcc" "ARCHIVER=mb-ar" "COMPILER_FLAGS= -O2 -c -mcpu=v9.5 -mhard-float -mlittle-endian -mno-xl-soft-div -mno-xl-soft-mul -mxl-barrel-shift -mxl-float-convert -mxl-float-sqrt -mxl-multiply-high -mxl-pattern-compare" "EXTRA_COMPILER_FLAGS=-g"
"Running Make include in microblaze_0/libsrc/tmrctr_v3_0/src"
make -C microblaze_0/libsrc/tmrctr_v3_0/src -s include  "SHELL=CMD" "COMPILER=mb-gcc" "ARCHIVER=mb-ar" "COMPILER_FLAGS= -O2 -c -mcpu=v9.5 -mhard-float -mlittle-endian -mno-xl-soft-div -mno-xl-soft-mul -mxl-barrel-shift -mxl-float-convert -mxl-float-sqrt -mxl-multiply-high -mxl-pattern-compare" "EXTRA_COMPILER_FLAGS=-g"
"Running Make include in microblaze_0/libsrc/uartlite_v3_1/src"
make -C microblaze_0/libsrc/uartlite_v3_1/src -s include  "SHELL=CMD" "COMPILER=mb-gcc" "ARCHIVER=mb-ar" "COMPILER_FLAGS= -O2 -c -mcpu=v9.5 -mhard-float -mlittle-endian -mno-xl-soft-div -mno-xl-soft-mul -mxl-barrel-shift -mxl-float-convert -mxl-float-sqrt -mxl-multiply-high -mxl-pattern-compare" "EXTRA_COMPILER_FLAGS=-g"
"Running Make include in microblaze_0/libsrc/vtc_v7_0/src"
make -C microblaze_0/libsrc/vtc_v7_0/src -s include  "SHELL=CMD" "COMPILER=mb-gcc" "ARCHIVER=mb-ar" "COMPILER_FLAGS= -O2 -c -mcpu=v9.5 -mhard-float -mlittle-endian -mno-xl-soft-div -mno-xl-soft-mul -mxl-barrel-shift -mxl-float-convert -mxl-float-sqrt -mxl-multiply-high -mxl-pattern-compare" "EXTRA_COMPILER_FLAGS=-g"
"Running Make libs in microblaze_0/libsrc/AXI_to_colorIP_v1_0/src"
make -C microblaze_0/libsrc/AXI_to_colorIP_v1_0/src -s libs  "SHELL=CMD" "COMPILER=mb-gcc" "ARCHIVER=mb-ar" "COMPILER_FLAGS= -O2 -c -mcpu=v9.5 -mhard-float -mlittle-endian -mno-xl-soft-div -mno-xl-soft-mul -mxl-barrel-shift -mxl-float-convert -mxl-float-sqrt -mxl-multiply-high -mxl-pattern-compare" "EXTRA_COMPILER_FLAGS=-g"
"Compiling AXI_to_colorIP..."
In file included from ../../../include/xil_io.h:70:0,
                 from AXI_to_colorIP_selftest.c:6:
../../../include/xil_printf.h:42:6: error: conflicting types for 'print'
 void print(char *ptr);
      ^
"Running Make libs in microblaze_0/libsrc/axivdma_v6_0/src"
In file included from c:\xilinx\sdk\2016.2\gnu\microblaze\nt\microblaze-xilinx-elf\include\stdio.h:29:0,
                 from AXI_to_colorIP_selftest.c:5:
c:\xilinx\sdk\2016.2\gnu\microblaze\nt\microblaze-xilinx-elf\include\stdio.h:223:9: note: previous declaration of 'print' was here
make -C microblaze_0/libsrc/axivdma_v6_0/src -s libs  "SHELL=CMD" "COMPILER=mb-gcc" "ARCHIVER=mb-ar" "COMPILER_FLAGS= -O2 -c -mcpu=v9.5 -mhard-float -mlittle-endian -mno-xl-soft-div -mno-xl-soft-mul -mxl-barrel-shift -mxl-float-convert -mxl-float-sqrt -mxl-multiply-high -mxl-pattern-compare" "EXTRA_COMPILER_FLAGS=-g"
 void    _EXFUN(print, (const char* ));
"Compiling axivdma"
         ^
make[1]: *** [libs] Error 1
make: *** [microblaze_0/libsrc/AXI_to_colorIP_v1_0/src/make.libs] Error 2
"Running Make libs in microblaze_0/libsrc/bram_v4_0/src"
make -C microblaze_0/libsrc/bram_v4_0/src -s libs  "SHELL=CMD" "COMPILER=mb-gcc" "ARCHIVER=mb-ar" "COMPILER_FLAGS= -O2 -c -mcpu=v9.5 -mhard-float -mlittle-endian -mno-xl-soft-div -mno-xl-soft-mul -mxl-barrel-shift -mxl-float-convert -mxl-float-sqrt -mxl-multiply-high -mxl-pattern-compare" "EXTRA_COMPILER_FLAGS=-g"
"Compiling bram"
"Running Make libs in microblaze_0/libsrc/cpu_v2_3/src"
make -C microblaze_0/libsrc/cpu_v2_3/src -s libs  "SHELL=CMD" "COMPILER=mb-gcc" "ARCHIVER=mb-ar" "COMPILER_FLAGS= -O2 -c -mcpu=v9.5 -mhard-float -mlittle-endian -mno-xl-soft-div -mno-xl-soft-mul -mxl-barrel-shift -mxl-float-convert -mxl-float-sqrt -mxl-multiply-high -mxl-pattern-compare" "EXTRA_COMPILER_FLAGS=-g"
"Compiling cpu"
"Running Make libs in microblaze_0/libsrc/gpio_v4_0/src"
make -C microblaze_0/libsrc/gpio_v4_0/src -s libs  "SHELL=CMD" "COMPILER=mb-gcc" "ARCHIVER=mb-ar" "COMPILER_FLAGS= -O2 -c -mcpu=v9.5 -mhard-float -mlittle-endian -mno-xl-soft-div -mno-xl-soft-mul -mxl-barrel-shift -mxl-float-convert -mxl-float-sqrt -mxl-multiply-high -mxl-pattern-compare" "EXTRA_COMPILER_FLAGS=-g"
"Compiling gpio"
"Running Make libs in microblaze_0/libsrc/intc_v3_4/src"
make -C microblaze_0/libsrc/intc_v3_4/src -s libs  "SHELL=CMD" "COMPILER=mb-gcc" "ARCHIVER=mb-ar" "COMPILER_FLAGS= -O2 -c -mcpu=v9.5 -mhard-float -mlittle-endian -mno-xl-soft-div -mno-xl-soft-mul -mxl-barrel-shift -mxl-float-convert -mxl-float-sqrt -mxl-multiply-high -mxl-pattern-compare" "EXTRA_COMPILER_FLAGS=-g"
"Compiling intc"
"Running Make libs in microblaze_0/libsrc/standalone_v5_2/src"
make -C microblaze_0/libsrc/standalone_v5_2/src -s libs  "SHELL=CMD" "COMPILER=mb-gcc" "ARCHIVER=mb-ar" "COMPILER_FLAGS= -O2 -c -mcpu=v9.5 -mhard-float -mlittle-endian -mno-xl-soft-div -mno-xl-soft-mul -mxl-barrel-shift -mxl-float-convert -mxl-float-sqrt -mxl-multiply-high -mxl-pattern-compare" "EXTRA_COMPILER_FLAGS=-g"
"Compiling standalone";
"Running Make libs in microblaze_0/libsrc/tmrctr_v3_0/src"
make -C microblaze_0/libsrc/tmrctr_v3_0/src -s libs  "SHELL=CMD" "COMPILER=mb-gcc" "ARCHIVER=mb-ar" "COMPILER_FLAGS= -O2 -c -mcpu=v9.5 -mhard-float -mlittle-endian -mno-xl-soft-div -mno-xl-soft-mul -mxl-barrel-shift -mxl-float-convert -mxl-float-sqrt -mxl-multiply-high -mxl-pattern-compare" "EXTRA_COMPILER_FLAGS=-g"
"Compiling tmrctr"
"Running Make libs in microblaze_0/libsrc/uartlite_v3_1/src"
make -C microblaze_0/libsrc/uartlite_v3_1/src -s libs  "SHELL=CMD" "COMPILER=mb-gcc" "ARCHIVER=mb-ar" "COMPILER_FLAGS= -O2 -c -mcpu=v9.5 -mhard-float -mlittle-endian -mno-xl-soft-div -mno-xl-soft-mul -mxl-barrel-shift -mxl-float-convert -mxl-float-sqrt -mxl-multiply-high -mxl-pattern-compare" "EXTRA_COMPILER_FLAGS=-g"
"Compiling uartlite"
"Running Make libs in microblaze_0/libsrc/vtc_v7_0/src"
make -C microblaze_0/libsrc/vtc_v7_0/src -s libs  "SHELL=CMD" "COMPILER=mb-gcc" "ARCHIVER=mb-ar" "COMPILER_FLAGS= -O2 -c -mcpu=v9.5 -mhard-float -mlittle-endian -mno-xl-soft-div -mno-xl-soft-mul -mxl-barrel-shift -mxl-float-convert -mxl-float-sqrt -mxl-multiply-high -mxl-pattern-compare" "EXTRA_COMPILER_FLAGS=-g"
"Compiling video timing controller"
make: Target `all' not remade because of errors.

15:52:58 Build Finished (took 9s.140ms)

